Using pre-set license
Built from '2020.2/release' branch; Version is '2020.2.2f1 (068178b99f32) revision 426360'; Using compiler version '192528614'; Build Type 'Release'
OS: 'Windows 10 Home; OS build 19042.985; Version 2009; 64bit' Language: 'ko' Physical Memory: 16318 MB
BatchMode: 1, IsHumanControllingUs: 0, StartBugReporterOnCrash: 0, Is64bit: 1, IsPro: 0

 COMMAND LINE ARGUMENTS:
C:\Program Files\Unity\Hub\Editor\2020.2.2f1\Editor\Unity.exe
-adb2
-batchMode
-noUpm
-name
AssetImportWorker0
-projectPath
C:/Users/User/Desktop/Rhythm_club
-logFile
Logs/AssetImportWorker0.log
-srvPort
12551
Successfully changed project path to: C:/Users/User/Desktop/Rhythm_club
C:/Users/User/Desktop/Rhythm_club
Using Asset Import Pipeline V2.
Refreshing native plugins compatible for Editor in 64.44 ms, found 2 plugins.
Preloading 0 native plugins for Editor in 0.00 ms.
Initialize engine version: 2020.2.2f1 (068178b99f32)
[Subsystems] Discovering subsystems at path C:/Program Files/Unity/Hub/Editor/2020.2.2f1/Editor/Data/Resources/UnitySubsystems
[Subsystems] Discovering subsystems at path C:/Users/User/Desktop/Rhythm_club/Assets
GfxDevice: creating device client; threaded=0
Direct3D:
    Version:  Direct3D 11.0 [level 11.1]
    Renderer: NVIDIA GeForce GTX 1660 SUPER (ID=0x21c4)
    Vendor:   
    VRAM:     5991 MB
    Driver:   27.21.14.5671
Initialize mono
Mono path[0] = 'C:/Program Files/Unity/Hub/Editor/2020.2.2f1/Editor/Data/Managed'
Mono path[1] = 'C:/Program Files/Unity/Hub/Editor/2020.2.2f1/Editor/Data/MonoBleedingEdge/lib/mono/unityjit'
Mono config path = 'C:/Program Files/Unity/Hub/Editor/2020.2.2f1/Editor/Data/MonoBleedingEdge/etc'
Using monoOptions --debugger-agent=transport=dt_socket,embedding=1,server=y,suspend=n,address=127.0.0.1:56656
Begin MonoManager ReloadAssembly
Registering precompiled unity dll's ...
Register platform support module: C:/Program Files/Unity/Hub/Editor/2020.2.2f1/Editor/Data/PlaybackEngines/WindowsStandaloneSupport/UnityEditor.WindowsStandalone.Extensions.dll
Registered in 0.002287 seconds.
Native extension for WindowsStandalone target not found
Refreshing native plugins compatible for Editor in 59.71 ms, found 2 plugins.
Preloading 0 native plugins for Editor in 0.00 ms.
Invoked RoslynAnalysisRunner static constructor.
RoslynAnalysisRunner will not be running.
RoslynAnalysisRunner has terminated.
Mono: successfully reloaded assembly
- Completed reload, in  1.798 seconds
Platform modules already initialized, skipping
Registering precompiled user dll's ...
Registered in 0.008653 seconds.
Begin MonoManager ReloadAssembly
Native extension for WindowsStandalone target not found
Refreshing native plugins compatible for Editor in 60.58 ms, found 2 plugins.
Preloading 0 native plugins for Editor in 0.00 ms.
Invoked RoslynAnalysisRunner static constructor.
RoslynAnalysisRunner will not be running.
RoslynAnalysisRunner has terminated.
Mono: successfully reloaded assembly
- Completed reload, in  1.016 seconds
Platform modules already initialized, skipping
========================================================================
Worker process is ready to serve import requests
Launched and connected shader compiler UnityShaderCompiler.exe after 0.05 seconds
Refreshing native plugins compatible for Editor in 0.45 ms, found 2 plugins.
Preloading 0 native plugins for Editor in 0.00 ms.
Unloading 1825 Unused Serialized files (Serialized files now loaded: 0)
System memory in use before: 88.3 MB.
System memory in use after: 88.3 MB.

Unloading 40 unused Assets to reduce memory usage. Loaded Objects now: 2337.
Total: 2.321400 ms (FindLiveObjects: 0.441400 ms CreateObjectMapping: 0.168400 ms MarkObjects: 1.590800 ms  DeleteObjects: 0.119300 ms)

========================================================================
Received Import Request.
  path: Assets/Scripts/Note/TimingManager.cs
  artifactKey: Guid(b274767189f8fdc41bfe637db72da593) Importer(815301076,1909f56bfc062723c751e8b465ee728b)
Start importing Assets/Scripts/Note/TimingManager.cs using Guid(b274767189f8fdc41bfe637db72da593) Importer(815301076,1909f56bfc062723c751e8b465ee728b)  -> (artifact id: 'df3d842e817003aa6ad0672447c7caec') in 0.038834 seconds
  Import took 0.041716 seconds .

========================================================================
Received Import Request.
  Time since last request: 0.000224 seconds.
  path: Assets/Scripts/Note/CenterFlame.cs
  artifactKey: Guid(d69b58715e631024d9d083d6e0855d83) Importer(815301076,1909f56bfc062723c751e8b465ee728b)
Start importing Assets/Scripts/Note/CenterFlame.cs using Guid(d69b58715e631024d9d083d6e0855d83) Importer(815301076,1909f56bfc062723c751e8b465ee728b)  -> (artifact id: 'e34ce516e897fa8671b3406c8b055f9b') in 0.006938 seconds
  Import took 0.009443 seconds .

========================================================================
Received Import Request.
  Time since last request: 9.433711 seconds.
  path: Assets/Scripts/Note/Note3.cs
  artifactKey: Guid(f8d4d49ed54fd14499933313148acbcb) Importer(815301076,1909f56bfc062723c751e8b465ee728b)
Start importing Assets/Scripts/Note/Note3.cs using Guid(f8d4d49ed54fd14499933313148acbcb) Importer(815301076,1909f56bfc062723c751e8b465ee728b)  -> (artifact id: '6f5c9c5d3e65ee23bf57eaa847662a50') in 0.007761 seconds
  Import took 0.010818 seconds .

========================================================================
Received Prepare
Registering precompiled user dll's ...
Registered in 0.008494 seconds.
Begin MonoManager ReloadAssembly
Native extension for WindowsStandalone target not found
Refreshing native plugins compatible for Editor in 0.51 ms, found 2 plugins.
Preloading 0 native plugins for Editor in 0.00 ms.
Invoked RoslynAnalysisRunner static constructor.
RoslynAnalysisRunner will not be running.
RoslynAnalysisRunner has terminated.
Mono: successfully reloaded assembly
- Completed reload, in  0.919 seconds
Platform modules already initialized, skipping
Refreshing native plugins compatible for Editor in 0.46 ms, found 2 plugins.
Preloading 0 native plugins for Editor in 0.00 ms.
Unloading 1821 Unused Serialized files (Serialized files now loaded: 0)
System memory in use before: 88.4 MB.
System memory in use after: 88.4 MB.

Unloading 28 unused Assets to reduce memory usage. Loaded Objects now: 2341.
Total: 1.902100 ms (FindLiveObjects: 0.210200 ms CreateObjectMapping: 0.040400 ms MarkObjects: 1.556700 ms  DeleteObjects: 0.093100 ms)

========================================================================
Received Import Request.
  Time since last request: 11.693558 seconds.
  path: Assets/Scripts/Note/Note4.cs
  artifactKey: Guid(0e5ada87edc8f164ab81fd7ccc85f30d) Importer(815301076,1909f56bfc062723c751e8b465ee728b)
Start importing Assets/Scripts/Note/Note4.cs using Guid(0e5ada87edc8f164ab81fd7ccc85f30d) Importer(815301076,1909f56bfc062723c751e8b465ee728b)  -> (artifact id: 'fe3a9051f093999d21ed6391856064ce') in 0.010392 seconds
  Import took 0.013504 seconds .

========================================================================
Received Prepare
Registering precompiled user dll's ...
Registered in 0.009549 seconds.
Begin MonoManager ReloadAssembly
Native extension for WindowsStandalone target not found
Refreshing native plugins compatible for Editor in 0.49 ms, found 2 plugins.
Preloading 0 native plugins for Editor in 0.00 ms.
Invoked RoslynAnalysisRunner static constructor.
RoslynAnalysisRunner will not be running.
RoslynAnalysisRunner has terminated.
Mono: successfully reloaded assembly
- Completed reload, in  0.958 seconds
Platform modules already initialized, skipping
Refreshing native plugins compatible for Editor in 0.46 ms, found 2 plugins.
Preloading 0 native plugins for Editor in 0.00 ms.
Unloading 1822 Unused Serialized files (Serialized files now loaded: 0)
System memory in use before: 88.6 MB.
System memory in use after: 88.6 MB.

Unloading 28 unused Assets to reduce memory usage. Loaded Objects now: 2345.
Total: 1.991600 ms (FindLiveObjects: 0.226000 ms CreateObjectMapping: 0.049000 ms MarkObjects: 1.616000 ms  DeleteObjects: 0.099500 ms)

========================================================================
Received Prepare
Registering precompiled user dll's ...
Registered in 0.008417 seconds.
Begin MonoManager ReloadAssembly
Native extension for WindowsStandalone target not found
Refreshing native plugins compatible for Editor in 0.47 ms, found 2 plugins.
Preloading 0 native plugins for Editor in 0.00 ms.
Invoked RoslynAnalysisRunner static constructor.
RoslynAnalysisRunner will not be running.
RoslynAnalysisRunner has terminated.
Mono: successfully reloaded assembly
- Completed reload, in  0.942 seconds
Platform modules already initialized, skipping
Refreshing native plugins compatible for Editor in 0.51 ms, found 2 plugins.
Preloading 0 native plugins for Editor in 0.00 ms.
Unloading 1822 Unused Serialized files (Serialized files now loaded: 0)
System memory in use before: 88.7 MB.
System memory in use after: 88.7 MB.

Unloading 28 unused Assets to reduce memory usage. Loaded Objects now: 2348.
Total: 2.799300 ms (FindLiveObjects: 0.336800 ms CreateObjectMapping: 0.055500 ms MarkObjects: 2.265300 ms  DeleteObjects: 0.139400 ms)

========================================================================
Received Import Request.
  Time since last request: 32.932212 seconds.
  path: Assets/Scripts/Note/Note3.cs
  artifactKey: Guid(f8d4d49ed54fd14499933313148acbcb) Importer(815301076,1909f56bfc062723c751e8b465ee728b)
Start importing Assets/Scripts/Note/Note3.cs using Guid(f8d4d49ed54fd14499933313148acbcb) Importer(815301076,1909f56bfc062723c751e8b465ee728b)  -> (artifact id: '5c3193fea0bc3d3f27ac9557ec09458c') in 0.011533 seconds
  Import took 0.015832 seconds .

========================================================================
Received Prepare
Registering precompiled user dll's ...
Registered in 0.009333 seconds.
Begin MonoManager ReloadAssembly
Native extension for WindowsStandalone target not found
Refreshing native plugins compatible for Editor in 0.53 ms, found 2 plugins.
Preloading 0 native plugins for Editor in 0.00 ms.
Invoked RoslynAnalysisRunner static constructor.
RoslynAnalysisRunner will not be running.
RoslynAnalysisRunner has terminated.
Mono: successfully reloaded assembly
- Completed reload, in  1.000 seconds
Platform modules already initialized, skipping
Refreshing native plugins compatible for Editor in 0.51 ms, found 2 plugins.
Preloading 0 native plugins for Editor in 0.00 ms.
Unloading 1822 Unused Serialized files (Serialized files now loaded: 0)
System memory in use before: 88.8 MB.
System memory in use after: 88.8 MB.

Unloading 28 unused Assets to reduce memory usage. Loaded Objects now: 2351.
Total: 1.876300 ms (FindLiveObjects: 0.230300 ms CreateObjectMapping: 0.044500 ms MarkObjects: 1.498900 ms  DeleteObjects: 0.101700 ms)

========================================================================
Received Import Request.
  Time since last request: 78.768567 seconds.
  path: Assets/Scripts/Note/Note4.cs
  artifactKey: Guid(0e5ada87edc8f164ab81fd7ccc85f30d) Importer(815301076,1909f56bfc062723c751e8b465ee728b)
Start importing Assets/Scripts/Note/Note4.cs using Guid(0e5ada87edc8f164ab81fd7ccc85f30d) Importer(815301076,1909f56bfc062723c751e8b465ee728b)  -> (artifact id: '0d3b0a7456c89da9f9bbbd296a44d823') in 0.009582 seconds
  Import took 0.013230 seconds .

========================================================================
Received Import Request.
  Time since last request: 0.096838 seconds.
  path: Assets/Scripts/Note/Note3.cs
  artifactKey: Guid(f8d4d49ed54fd14499933313148acbcb) Importer(815301076,1909f56bfc062723c751e8b465ee728b)
Start importing Assets/Scripts/Note/Note3.cs using Guid(f8d4d49ed54fd14499933313148acbcb) Importer(815301076,1909f56bfc062723c751e8b465ee728b)  -> (artifact id: '05b9ae839ba0e988251c5f0e46d4bcf0') in 0.003330 seconds
  Import took 0.008116 seconds .

========================================================================
Received Prepare
Registering precompiled user dll's ...
Registered in 0.009039 seconds.
Begin MonoManager ReloadAssembly
Native extension for WindowsStandalone target not found
Refreshing native plugins compatible for Editor in 0.49 ms, found 2 plugins.
Preloading 0 native plugins for Editor in 0.00 ms.
Invoked RoslynAnalysisRunner static constructor.
RoslynAnalysisRunner will not be running.
RoslynAnalysisRunner has terminated.
Mono: successfully reloaded assembly
- Completed reload, in  1.047 seconds
Platform modules already initialized, skipping
Refreshing native plugins compatible for Editor in 0.73 ms, found 2 plugins.
Preloading 0 native plugins for Editor in 0.00 ms.
Unloading 1821 Unused Serialized files (Serialized files now loaded: 0)
System memory in use before: 88.9 MB.
System memory in use after: 88.9 MB.

Unloading 29 unused Assets to reduce memory usage. Loaded Objects now: 2353.
Total: 2.271000 ms (FindLiveObjects: 0.378700 ms CreateObjectMapping: 0.057000 ms MarkObjects: 1.701700 ms  DeleteObjects: 0.132400 ms)

========================================================================
Received Prepare
Registering precompiled user dll's ...
Registered in 0.008681 seconds.
Begin MonoManager ReloadAssembly
Native extension for WindowsStandalone target not found
Refreshing native plugins compatible for Editor in 0.49 ms, found 2 plugins.
Preloading 0 native plugins for Editor in 0.00 ms.
Invoked RoslynAnalysisRunner static constructor.
RoslynAnalysisRunner will not be running.
RoslynAnalysisRunner has terminated.
Mono: successfully reloaded assembly
- Completed reload, in  1.014 seconds
Platform modules already initialized, skipping
Refreshing native plugins compatible for Editor in 0.53 ms, found 2 plugins.
Preloading 0 native plugins for Editor in 0.00 ms.
Unloading 1820 Unused Serialized files (Serialized files now loaded: 0)
System memory in use before: 89.0 MB.
System memory in use after: 89.0 MB.

Unloading 29 unused Assets to reduce memory usage. Loaded Objects now: 2355.
Total: 1.959400 ms (FindLiveObjects: 0.198400 ms CreateObjectMapping: 0.044400 ms MarkObjects: 1.600100 ms  DeleteObjects: 0.115000 ms)

========================================================================
Received Import Request.
  Time since last request: 54.340544 seconds.
  path: Assets/Prefab/Note3.prefab
  artifactKey: Guid(e970cd8e72a82164e9f4bd43d85e1bca) Importer(815301076,1909f56bfc062723c751e8b465ee728b)
Start importing Assets/Prefab/Note3.prefab using Guid(e970cd8e72a82164e9f4bd43d85e1bca) Importer(815301076,1909f56bfc062723c751e8b465ee728b)  -> (artifact id: '6eeb8d1dee46f5ec2f80947444421aaa') in 0.034341 seconds
  Import took 0.037382 seconds .

========================================================================
Received Import Request.
  Time since last request: 18.043003 seconds.
  path: Assets/Prefab/Note4.prefab
  artifactKey: Guid(8706b81a7eb175d46ba726ed51290ad5) Importer(815301076,1909f56bfc062723c751e8b465ee728b)
Start importing Assets/Prefab/Note4.prefab using Guid(8706b81a7eb175d46ba726ed51290ad5) Importer(815301076,1909f56bfc062723c751e8b465ee728b)  -> (artifact id: '08e0a47561eb916683e4abb04283f022') in 0.004655 seconds
  Import took 0.007650 seconds .

========================================================================
Received Import Request.
  Time since last request: 0.002494 seconds.
  path: Assets/Prefab/Note4.prefab
  artifactKey: Guid(8706b81a7eb175d46ba726ed51290ad5) Importer(815301076,1909f56bfc062723c751e8b465ee728b)
Start importing Assets/Prefab/Note4.prefab using Guid(8706b81a7eb175d46ba726ed51290ad5) Importer(815301076,1909f56bfc062723c751e8b465ee728b)  -> (artifact id: '08e0a47561eb916683e4abb04283f022') in 0.004922 seconds
  Import took 0.008022 seconds .

========================================================================
Received Prepare
Registering precompiled user dll's ...
Registered in 0.008377 seconds.
Begin MonoManager ReloadAssembly
Native extension for WindowsStandalone target not found
Refreshing native plugins compatible for Editor in 0.48 ms, found 2 plugins.
Preloading 0 native plugins for Editor in 0.00 ms.
Invoked RoslynAnalysisRunner static constructor.
RoslynAnalysisRunner will not be running.
RoslynAnalysisRunner has terminated.
Mono: successfully reloaded assembly
- Completed reload, in  0.884 seconds
Platform modules already initialized, skipping
Refreshing native plugins compatible for Editor in 0.47 ms, found 2 plugins.
Preloading 0 native plugins for Editor in 0.00 ms.
Unloading 1820 Unused Serialized files (Serialized files now loaded: 0)
System memory in use before: 89.1 MB.
System memory in use after: 89.1 MB.

Unloading 28 unused Assets to reduce memory usage. Loaded Objects now: 2358.
Total: 1.826500 ms (FindLiveObjects: 0.200300 ms CreateObjectMapping: 0.044600 ms MarkObjects: 1.479800 ms  DeleteObjects: 0.100700 ms)

========================================================================
Received Import Request.
  Time since last request: 508.933664 seconds.
  path: Assets/Sprites/UI/bullet1.png
  artifactKey: Guid(5fb31d9929d52ef41996cf42a14f46d7) Importer(815301076,1909f56bfc062723c751e8b465ee728b)
Start importing Assets/Sprites/UI/bullet1.png using Guid(5fb31d9929d52ef41996cf42a14f46d7) Importer(815301076,1909f56bfc062723c751e8b465ee728b)  -> (artifact id: 'aa6c399b7f02d36589941474f7579162') in 0.119457 seconds
  Import took 0.122606 seconds .

========================================================================
Received Import Request.
  Time since last request: 0.000210 seconds.
  path: Assets/Sprites/UI/bullet2.png
  artifactKey: Guid(c6e473db78184444785ec0e139bf2d90) Importer(815301076,1909f56bfc062723c751e8b465ee728b)
Start importing Assets/Sprites/UI/bullet2.png using Guid(c6e473db78184444785ec0e139bf2d90) Importer(815301076,1909f56bfc062723c751e8b465ee728b)  -> (artifact id: '9c03f1a7a794b4e0f2deda5858ff23bc') in 0.012523 seconds
  Import took 0.015185 seconds .

========================================================================
Received Import Request.
  Time since last request: 35.884290 seconds.
  path: Assets/Prefab/Note3.prefab
  artifactKey: Guid(e970cd8e72a82164e9f4bd43d85e1bca) Importer(815301076,1909f56bfc062723c751e8b465ee728b)
Start importing Assets/Prefab/Note3.prefab using Guid(e970cd8e72a82164e9f4bd43d85e1bca) Importer(815301076,1909f56bfc062723c751e8b465ee728b)  -> (artifact id: 'df09e0a5d15e6adfb39c7aa30222da54') in 0.012219 seconds
  Import took 0.015016 seconds .

========================================================================
Received Prepare
Registering precompiled user dll's ...
Registered in 0.007953 seconds.
Begin MonoManager ReloadAssembly
Native extension for WindowsStandalone target not found
Refreshing native plugins compatible for Editor in 0.50 ms, found 2 plugins.
Preloading 0 native plugins for Editor in 0.00 ms.
Invoked RoslynAnalysisRunner static constructor.
RoslynAnalysisRunner will not be running.
RoslynAnalysisRunner has terminated.
Mono: successfully reloaded assembly
- Completed reload, in  0.930 seconds
Platform modules already initialized, skipping
Refreshing native plugins compatible for Editor in 0.48 ms, found 2 plugins.
Preloading 0 native plugins for Editor in 0.00 ms.
Unloading 1820 Unused Serialized files (Serialized files now loaded: 0)
System memory in use before: 92.3 MB.
System memory in use after: 92.3 MB.

Unloading 28 unused Assets to reduce memory usage. Loaded Objects now: 2367.
Total: 1.950100 ms (FindLiveObjects: 0.203700 ms CreateObjectMapping: 0.043700 ms MarkObjects: 1.583800 ms  DeleteObjects: 0.117200 ms)

========================================================================
Received Prepare
Registering precompiled user dll's ...
Registered in 0.008238 seconds.
Begin MonoManager ReloadAssembly
Native extension for WindowsStandalone target not found
Refreshing native plugins compatible for Editor in 0.49 ms, found 2 plugins.
Preloading 0 native plugins for Editor in 0.00 ms.
Invoked RoslynAnalysisRunner static constructor.
RoslynAnalysisRunner will not be running.
RoslynAnalysisRunner has terminated.
Mono: successfully reloaded assembly
- Completed reload, in  0.871 seconds
Platform modules already initialized, skipping
Refreshing native plugins compatible for Editor in 0.47 ms, found 2 plugins.
Preloading 0 native plugins for Editor in 0.00 ms.
Unloading 1820 Unused Serialized files (Serialized files now loaded: 0)
System memory in use before: 92.3 MB.
System memory in use after: 92.3 MB.

Unloading 28 unused Assets to reduce memory usage. Loaded Objects now: 2370.
Total: 1.823800 ms (FindLiveObjects: 0.214500 ms CreateObjectMapping: 0.044800 ms MarkObjects: 1.466300 ms  DeleteObjects: 0.097500 ms)

========================================================================
Received Import Request.
  Time since last request: 192.409964 seconds.
  path: Assets/Scenes/Stage1.unity
  artifactKey: Guid(2cda990e2423bbf4892e6590ba056729) Importer(815301076,1909f56bfc062723c751e8b465ee728b)
Start importing Assets/Scenes/Stage1.unity using Guid(2cda990e2423bbf4892e6590ba056729) Importer(815301076,1909f56bfc062723c751e8b465ee728b)  -> (artifact id: '0e7d3b138cd345129a7e9d65ba2285ba') in 0.014687 seconds
  Import took 0.017658 seconds .

========================================================================
Received Prepare
Registering precompiled user dll's ...
Registered in 0.007633 seconds.
Begin MonoManager ReloadAssembly
Native extension for WindowsStandalone target not found
Refreshing native plugins compatible for Editor in 0.48 ms, found 2 plugins.
Preloading 0 native plugins for Editor in 0.00 ms.
Invoked RoslynAnalysisRunner static constructor.
RoslynAnalysisRunner will not be running.
RoslynAnalysisRunner has terminated.
Mono: successfully reloaded assembly
- Completed reload, in  0.849 seconds
Platform modules already initialized, skipping
Refreshing native plugins compatible for Editor in 0.47 ms, found 2 plugins.
Preloading 0 native plugins for Editor in 0.00 ms.
Unloading 1820 Unused Serialized files (Serialized files now loaded: 0)
System memory in use before: 92.5 MB.
System memory in use after: 92.5 MB.

Unloading 28 unused Assets to reduce memory usage. Loaded Objects now: 2373.
Total: 1.921100 ms (FindLiveObjects: 0.206400 ms CreateObjectMapping: 0.049100 ms MarkObjects: 1.555800 ms  DeleteObjects: 0.109000 ms)

========================================================================
Received Import Request.
  Time since last request: 142.911495 seconds.
  path: Assets/Scenes/Stage2.unity
  artifactKey: Guid(1bd7ef9ff03404d45b3050e26e7d0940) Importer(815301076,1909f56bfc062723c751e8b465ee728b)
Start importing Assets/Scenes/Stage2.unity using Guid(1bd7ef9ff03404d45b3050e26e7d0940) Importer(815301076,1909f56bfc062723c751e8b465ee728b)  -> (artifact id: '5e6e5abc4444917e25ef73aa18b8e524') in 0.014845 seconds
  Import took 0.017913 seconds .

========================================================================
Received Import Request.
  Time since last request: 4.658100 seconds.
  path: Assets/Scenes/Stage1.unity
  artifactKey: Guid(2cda990e2423bbf4892e6590ba056729) Importer(815301076,1909f56bfc062723c751e8b465ee728b)
Start importing Assets/Scenes/Stage1.unity using Guid(2cda990e2423bbf4892e6590ba056729) Importer(815301076,1909f56bfc062723c751e8b465ee728b)  -> (artifact id: '70997419199e7c5b5bdb11b9732a4319') in 0.003432 seconds
  Import took 0.006643 seconds .

========================================================================
Received Prepare
Registering precompiled user dll's ...
Registered in 0.007603 seconds.
Begin MonoManager ReloadAssembly
Native extension for WindowsStandalone target not found
Refreshing native plugins compatible for Editor in 0.50 ms, found 2 plugins.
Preloading 0 native plugins for Editor in 0.00 ms.
Invoked RoslynAnalysisRunner static constructor.
RoslynAnalysisRunner will not be running.
RoslynAnalysisRunner has terminated.
Mono: successfully reloaded assembly
- Completed reload, in  0.874 seconds
Platform modules already initialized, skipping
Refreshing native plugins compatible for Editor in 0.46 ms, found 2 plugins.
Preloading 0 native plugins for Editor in 0.00 ms.
Unloading 1820 Unused Serialized files (Serialized files now loaded: 0)
System memory in use before: 92.5 MB.
System memory in use after: 92.5 MB.

Unloading 28 unused Assets to reduce memory usage. Loaded Objects now: 2376.
Total: 1.909100 ms (FindLiveObjects: 0.197800 ms CreateObjectMapping: 0.044900 ms MarkObjects: 1.559200 ms  DeleteObjects: 0.106200 ms)

========================================================================
Received Import Request.
  Time since last request: 339.427469 seconds.
  path: Assets/Scenes/Stage1.unity
  artifactKey: Guid(2cda990e2423bbf4892e6590ba056729) Importer(815301076,1909f56bfc062723c751e8b465ee728b)
Start importing Assets/Scenes/Stage1.unity using Guid(2cda990e2423bbf4892e6590ba056729) Importer(815301076,1909f56bfc062723c751e8b465ee728b)  -> (artifact id: '353a39205faa00dbade5367a7414a839') in 0.011889 seconds
  Import took 0.014946 seconds .

========================================================================
Received Import Request.
  Time since last request: 3.341006 seconds.
  path: Assets/Scenes/Stage2.unity
  artifactKey: Guid(1bd7ef9ff03404d45b3050e26e7d0940) Importer(815301076,1909f56bfc062723c751e8b465ee728b)
Start importing Assets/Scenes/Stage2.unity using Guid(1bd7ef9ff03404d45b3050e26e7d0940) Importer(815301076,1909f56bfc062723c751e8b465ee728b)  -> (artifact id: '31c262a65c7d8e557cd49d748d67b8ef') in 0.004317 seconds
  Import took 0.007692 seconds .

========================================================================
Received Prepare
Registering precompiled user dll's ...
Registered in 0.008273 seconds.
Begin MonoManager ReloadAssembly
Native extension for WindowsStandalone target not found
Refreshing native plugins compatible for Editor in 0.48 ms, found 2 plugins.
Preloading 0 native plugins for Editor in 0.00 ms.
Invoked RoslynAnalysisRunner static constructor.
RoslynAnalysisRunner will not be running.
RoslynAnalysisRunner has terminated.
Mono: successfully reloaded assembly
- Completed reload, in  0.851 seconds
Platform modules already initialized, skipping
Refreshing native plugins compatible for Editor in 0.46 ms, found 2 plugins.
Preloading 0 native plugins for Editor in 0.00 ms.
Unloading 1820 Unused Serialized files (Serialized files now loaded: 0)
System memory in use before: 92.7 MB.
System memory in use after: 92.7 MB.

Unloading 28 unused Assets to reduce memory usage. Loaded Objects now: 2379.
Total: 1.870900 ms (FindLiveObjects: 0.205500 ms CreateObjectMapping: 0.045400 ms MarkObjects: 1.516800 ms  DeleteObjects: 0.101900 ms)

========================================================================
Received Import Request.
  Time since last request: 767.827777 seconds.
  path: Assets/Prefab/Note4.prefab
  artifactKey: Guid(8706b81a7eb175d46ba726ed51290ad5) Importer(815301076,1909f56bfc062723c751e8b465ee728b)
Start importing Assets/Prefab/Note4.prefab using Guid(8706b81a7eb175d46ba726ed51290ad5) Importer(815301076,1909f56bfc062723c751e8b465ee728b)  -> (artifact id: 'eb566a79a6b7c232fb711590debc2340') in 0.028475 seconds
  Import took 0.031723 seconds .

AssetImportWorkerClient::OnTransportError - code=2 error=End of file
